[INFO] Scanning for projects...
[INFO] 
[INFO] ----------------------------< order:order >-----------------------------
[INFO] Building order 1.0.1
[INFO] --------------------------------[ jar ]---------------------------------
[INFO] 
[INFO] --- maven-clean-plugin:2.5:clean (default-clean) @ order ---
[INFO] Deleting /Users/jagritisinghal/Documents/DS/projects/Pygmy/order/target
[INFO] 
[INFO] --- maven-enforcer-plugin:1.3.1:enforce (enforce-banned-dependencies) @ order ---
[INFO] 
[INFO] --- maven-resources-plugin:2.6:resources (default-resources) @ order ---
[WARNING] Using platform encoding (UTF-8 actually) to copy filtered resources, i.e. build is platform dependent!
[INFO] Copying 4 resources
[INFO] skip non existing resourceDirectory /Users/jagritisinghal/Documents/DS/projects/Pygmy/order/src/main/resources
[INFO] 
[INFO] --- maven-compiler-plugin:3.2:compile (default-compile) @ order ---
[INFO] Changes detected - recompiling the module!
[WARNING] File encoding has not been set, using platform encoding UTF-8, i.e. build is platform dependent!
[INFO] Compiling 8 source files to /Users/jagritisinghal/Documents/DS/projects/Pygmy/order/target/classes
[INFO] 
[INFO] --- maven-resources-plugin:2.6:testResources (default-testResources) @ order ---
[WARNING] Using platform encoding (UTF-8 actually) to copy filtered resources, i.e. build is platform dependent!
[INFO] skip non existing resourceDirectory /Users/jagritisinghal/Documents/DS/projects/Pygmy/order/src/test/resources
[INFO] 
[INFO] --- maven-compiler-plugin:3.2:testCompile (default-testCompile) @ order ---
[INFO] Changes detected - recompiling the module!
[WARNING] File encoding has not been set, using platform encoding UTF-8, i.e. build is platform dependent!
[INFO] Compiling 1 source file to /Users/jagritisinghal/Documents/DS/projects/Pygmy/order/target/test-classes
[INFO] 
[INFO] --- maven-surefire-plugin:2.12.4:test (default-test) @ order ---
[INFO] Surefire report directory: /Users/jagritisinghal/Documents/DS/projects/Pygmy/order/target/surefire-reports

-------------------------------------------------------
 T E S T S
-------------------------------------------------------

Results :

Tests run: 0, Failures: 0, Errors: 0, Skipped: 0

[INFO] 
[INFO] --- maven-jar-plugin:2.4:jar (default-jar) @ order ---
[INFO] Building jar: /Users/jagritisinghal/Documents/DS/projects/Pygmy/order/target/order-1.0.1.jar
[INFO] 
[INFO] --- maven-shade-plugin:2.2:shade (default) @ order ---
[INFO] Including org.webjars:bootstrap:jar:3.3.4 in the shaded jar.
[INFO] Including org.webjars:jquery:jar:2.1.3 in the shaded jar.
[INFO] Including com.h2database:h2:jar:1.4.186 in the shaded jar.
[INFO] Including org.ninjaframework:ninja-standalone:jar:6.8.1 in the shaded jar.
[INFO] Including org.ninjaframework:ninja-servlet:jar:6.8.1 in the shaded jar.
[INFO] Including org.ninjaframework:ninja-websockets-jsr356:jar:6.8.1 in the shaded jar.
[INFO] Including com.google.inject.extensions:guice-servlet:jar:4.2.3 in the shaded jar.
[INFO] Including org.eclipse.jetty:jetty-server:jar:9.4.35.v20201120 in the shaded jar.
[INFO] Including org.eclipse.jetty:jetty-http:jar:9.4.35.v20201120 in the shaded jar.
[INFO] Including org.eclipse.jetty:jetty-io:jar:9.4.35.v20201120 in the shaded jar.
[INFO] Including org.eclipse.jetty:jetty-servlet:jar:9.4.35.v20201120 in the shaded jar.
[INFO] Including org.eclipse.jetty:jetty-security:jar:9.4.35.v20201120 in the shaded jar.
[INFO] Including org.eclipse.jetty:jetty-util-ajax:jar:9.4.35.v20201120 in the shaded jar.
[INFO] Including org.eclipse.jetty:jetty-xml:jar:9.4.35.v20201120 in the shaded jar.
[INFO] Including org.eclipse.jetty:jetty-util:jar:9.4.35.v20201120 in the shaded jar.
[INFO] Including org.eclipse.jetty.websocket:javax-websocket-server-impl:jar:9.4.35.v20201120 in the shaded jar.
[INFO] Including org.eclipse.jetty.websocket:javax-websocket-client-impl:jar:9.4.35.v20201120 in the shaded jar.
[INFO] Including javax.websocket:javax.websocket-client-api:jar:1.0 in the shaded jar.
[INFO] Including org.eclipse.jetty.websocket:websocket-server:jar:9.4.35.v20201120 in the shaded jar.
[INFO] Including org.eclipse.jetty.websocket:websocket-servlet:jar:9.4.35.v20201120 in the shaded jar.
[INFO] Including javax.servlet:javax.servlet-api:jar:4.0.1 in the shaded jar.
[INFO] Including javax.websocket:javax.websocket-api:jar:1.1 in the shaded jar.
[INFO] Including org.ninjaframework:ninja-core:jar:6.8.1 in the shaded jar.
[INFO] Including org.ocpsoft.prettytime:prettytime:jar:4.0.2.Final in the shaded jar.
[INFO] Including joda-time:joda-time:jar:2.10.1 in the shaded jar.
[INFO] Including com.google.inject:guice:jar:4.2.3 in the shaded jar.
[INFO] Including javax.inject:javax.inject:jar:1 in the shaded jar.
[INFO] Including aopalliance:aopalliance:jar:1.0 in the shaded jar.
[INFO] Including com.google.guava:guava:jar:27.1-jre in the shaded jar.
[INFO] Including com.google.guava:failureaccess:jar:1.0.1 in the shaded jar.
[INFO] Including com.google.guava:listenablefuture:jar:9999.0-empty-to-avoid-conflict-with-guava in the shaded jar.
[INFO] Including com.google.code.findbugs:jsr305:jar:3.0.2 in the shaded jar.
[INFO] Including org.checkerframework:checker-qual:jar:2.5.2 in the shaded jar.
[INFO] Including com.google.errorprone:error_prone_annotations:jar:2.2.0 in the shaded jar.
[INFO] Including com.google.j2objc:j2objc-annotations:jar:1.1 in the shaded jar.
[INFO] Including org.codehaus.mojo:animal-sniffer-annotations:jar:1.17 in the shaded jar.
[INFO] Including com.google.inject.extensions:guice-assistedinject:jar:4.2.3 in the shaded jar.
[INFO] Including com.fasterxml.jackson.core:jackson-core:jar:2.9.8 in the shaded jar.
[INFO] Including com.fasterxml.jackson.module:jackson-module-afterburner:jar:2.9.8 in the shaded jar.
[INFO] Including com.fasterxml.jackson.core:jackson-databind:jar:2.9.8 in the shaded jar.
[INFO] Including org.freemarker:freemarker-gae:jar:2.3.29 in the shaded jar.
[INFO] Including commons-codec:commons-codec:jar:1.12 in the shaded jar.
[INFO] Including ch.qos.logback:logback-classic:jar:1.2.3 in the shaded jar.
[INFO] Including ch.qos.logback:logback-core:jar:1.2.3 in the shaded jar.
[INFO] Including org.slf4j:jcl-over-slf4j:jar:1.7.26 in the shaded jar.
[INFO] Including org.slf4j:log4j-over-slf4j:jar:1.7.26 in the shaded jar.
[INFO] Including commons-io:commons-io:jar:2.6 in the shaded jar.
[INFO] Including org.apache.commons:commons-lang3:jar:3.11 in the shaded jar.
[INFO] Including commons-configuration:commons-configuration:jar:1.10 in the shaded jar.
[INFO] Including commons-fileupload:commons-fileupload:jar:1.4 in the shaded jar.
[INFO] Including org.hibernate:hibernate-validator:jar:4.3.1.Final in the shaded jar.
[INFO] Including javax.validation:validation-api:jar:1.0.0.GA in the shaded jar.
[INFO] Including com.fasterxml.jackson.dataformat:jackson-dataformat-xml:jar:2.9.8 in the shaded jar.
[INFO] Including com.fasterxml.jackson.core:jackson-annotations:jar:2.9.0 in the shaded jar.
[INFO] Including com.fasterxml.jackson.module:jackson-module-jaxb-annotations:jar:2.9.8 in the shaded jar.
[INFO] Including org.codehaus.woodstox:stax2-api:jar:3.1.4 in the shaded jar.
[INFO] Including com.fasterxml.woodstox:woodstox-core:jar:5.2.0 in the shaded jar.
[INFO] Including net.sf.ehcache:ehcache-core:jar:2.6.11 in the shaded jar.
[INFO] Including net.spy:spymemcached:jar:2.12.3 in the shaded jar.
[INFO] Including org.flywaydb:flyway-core:jar:5.2.4 in the shaded jar.
[INFO] Including com.google.inject.extensions:guice-persist:jar:4.2.3 in the shaded jar.
[INFO] Including org.hibernate:hibernate-entitymanager:jar:4.3.8.Final in the shaded jar.
[INFO] Including org.jboss.logging:jboss-logging-annotations:jar:1.2.0.Beta1 in the shaded jar.
[INFO] Including org.hibernate:hibernate-core:jar:4.3.8.Final in the shaded jar.
[INFO] Including antlr:antlr:jar:2.7.7 in the shaded jar.
[INFO] Including org.jboss:jandex:jar:1.1.0.Final in the shaded jar.
[INFO] Including dom4j:dom4j:jar:1.6.1 in the shaded jar.
[INFO] Including org.hibernate.common:hibernate-commons-annotations:jar:4.0.5.Final in the shaded jar.
[INFO] Including org.hibernate.javax.persistence:hibernate-jpa-2.1-api:jar:1.0.0.Final in the shaded jar.
[INFO] Including org.jboss.spec.javax.transaction:jboss-transaction-api_1.2_spec:jar:1.0.0.Final in the shaded jar.
[INFO] Including org.javassist:javassist:jar:3.18.1-GA in the shaded jar.
[INFO] Including org.hibernate:hibernate-c3p0:jar:4.3.8.Final in the shaded jar.
[INFO] Including org.jboss.logging:jboss-logging:jar:3.1.3.GA in the shaded jar.
[INFO] Including com.mchange:c3p0:jar:0.9.2.1 in the shaded jar.
[INFO] Including com.mchange:mchange-commons-java:jar:0.2.3.4 in the shaded jar.
[INFO] Including com.google.inject.extensions:guice-multibindings:jar:4.2.3 in the shaded jar.
[INFO] Including javax.xml.bind:jaxb-api:jar:2.3.0 in the shaded jar.
[INFO] Including org.eclipse.jetty:jetty-client:jar:9.4.35.v20201120 in the shaded jar.
[INFO] Including org.eclipse.jetty.websocket:websocket-client:jar:9.4.35.v20201120 in the shaded jar.
[INFO] Including org.eclipse.jetty.websocket:websocket-common:jar:9.4.35.v20201120 in the shaded jar.
[INFO] Including org.eclipse.jetty.websocket:websocket-api:jar:9.4.35.v20201120 in the shaded jar.
[INFO] Including org.slf4j:slf4j-api:jar:1.7.12 in the shaded jar.
[INFO] Including commons-lang:commons-lang:jar:2.6 in the shaded jar.
[WARNING] javax.websocket-api-1.1.jar, javax.websocket-client-api-1.0.jar define 45 overlappping classes: 
[WARNING]   - javax.websocket.Decoder$Text
[WARNING]   - javax.websocket.DeploymentException
[WARNING]   - javax.websocket.SendHandler
[WARNING]   - javax.websocket.ClientEndpointConfig
[WARNING]   - javax.websocket.SendResult
[WARNING]   - javax.websocket.Extension
[WARNING]   - javax.websocket.ClientEndpointConfig$Builder
[WARNING]   - javax.websocket.OnError
[WARNING]   - javax.websocket.PongMessage
[WARNING]   - javax.websocket.Decoder
[WARNING]   - 35 more...
[WARNING] maven-shade-plugin has detected that some .class files
[WARNING] are present in two or more JARs. When this happens, only
[WARNING] one single version of the class is copied in the uberjar.
[WARNING] Usually this is not harmful and you can skeep these
[WARNING] warnings, otherwise try to manually exclude artifacts
[WARNING] based on mvn dependency:tree -Ddetail=true and the above
[WARNING] output
[WARNING] See http://docs.codehaus.org/display/MAVENUSER/Shade+Plugin
[INFO] Replacing original artifact with shaded artifact.
[INFO] Replacing /Users/jagritisinghal/Documents/DS/projects/Pygmy/order/target/order-1.0.1.jar with /Users/jagritisinghal/Documents/DS/projects/Pygmy/order/target/order-1.0.1-shaded.jar
[INFO] Dependency-reduced POM written at: /Users/jagritisinghal/Documents/DS/projects/Pygmy/order/dependency-reduced-pom.xml
[INFO] Dependency-reduced POM written at: /Users/jagritisinghal/Documents/DS/projects/Pygmy/order/dependency-reduced-pom.xml
[INFO] 
[INFO] --- maven-install-plugin:2.4:install (default-install) @ order ---
[INFO] Installing /Users/jagritisinghal/Documents/DS/projects/Pygmy/order/target/order-1.0.1.jar to /Users/jagritisinghal/.m2/repository/order/order/1.0.1/order-1.0.1.jar
[INFO] Installing /Users/jagritisinghal/Documents/DS/projects/Pygmy/order/dependency-reduced-pom.xml to /Users/jagritisinghal/.m2/repository/order/order/1.0.1/order-1.0.1.pom
[INFO] ------------------------------------------------------------------------
[INFO] BUILD SUCCESS
[INFO] ------------------------------------------------------------------------
[INFO] Total time:  11.514 s
[INFO] Finished at: 2021-03-28T18:54:06-04:00
[INFO] ------------------------------------------------------------------------
[INFO] Scanning for projects...
[INFO] 
[INFO] ----------------------------< order:order >-----------------------------
[INFO] Building order 1.0.1
[INFO] --------------------------------[ jar ]---------------------------------
[INFO] 
[INFO] --- ninja-maven-plugin:6.8.1:run (default-cli) @ order ---
[INFO] ------------------------------------------------------------------------
[INFO] Ninja will watch dirs:
[INFO]  /Users/jagritisinghal/Documents/DS/projects/Pygmy/order/target/classes
[INFO] 
[INFO] Ninja will launch with:
[INFO]       context: <default>
[INFO]          mode: dev
[INFO]          port: <default>
[INFO]      ssl port: <default>
[INFO]     mainClass: ninja.standalone.AutoStandalone
[INFO] extra jvmArgs: <none>
[INFO] ------------------------------------------------------------------------
WARNING: An illegal reflective access operation has occurred
WARNING: Illegal reflective access by com.google.inject.internal.cglib.core.$ReflectUtils$1 (file:/Users/jagritisinghal/.m2/repository/com/google/inject/guice/4.2.3/guice-4.2.3.jar) to method java.lang.ClassLoader.defineClass(java.lang.String,byte[],int,int,java.security.ProtectionDomain)
WARNING: Please consider reporting this to the maintainers of com.google.inject.internal.cglib.core.$ReflectUtils$1
WARNING: Use --illegal-access=warn to enable warnings of further illegal reflective access operations
WARNING: All illegal access operations will be denied in a future release
