

[LOOKUP] Requesting details of book: 4
[LOOKUP] Response time in milliseconds : 1229
[LOOKUP] Response: {"bookNumber":4,"bookName":"Cooking for the Impatient Graduate Student","topic":"graduate school","cost":60,"count":5}


[SEARCH] Requesting topic details: distributed systems
[SEARCH] Response time in milliseconds : 96
[SEARCH] Response: [{"bookNumber":1,"bookName":"How to get a good grade in 677 in 20 minutes a day","topic":"distributed systems","cost":25,"count":3},{"bookNumber":2,"bookName":"RPCs for Dummies","topic":"distributed systems","cost":50,"count":0}]


[LOOKUP] Requesting details of book: 2
[LOOKUP] Response time in milliseconds : 40
[LOOKUP] Response: {"bookNumber":2,"bookName":"RPCs for Dummies","topic":"distributed systems","cost":50,"count":0}


[LOOKUP] Requesting details of book: 1
[LOOKUP] Response time in milliseconds : 39
[LOOKUP] Response: {"bookNumber":1,"bookName":"How to get a good grade in 677 in 20 minutes a day","topic":"distributed systems","cost":25,"count":3}


[BUY] Buy Request for book: 1
[BUY] Response time in milliseconds : 665
[BUY] Response: {"bookNumber":1,"message":"Successfully bought book - How to get a good grade in 677 in 20 minutes a day"}


[SEARCH] Requesting topic details: graduate school
[SEARCH] Response time in milliseconds : 37
[SEARCH] Response: [{"bookNumber":3,"bookName":"Xen and the Art of Surviving Graduate School","topic":"graduate school","cost":40,"count":2},{"bookNumber":4,"bookName":"Cooking for the Impatient Graduate Student","topic":"graduate school","cost":60,"count":5}]


[BUY] Buy Request for book: 1
[BUY] Response time in milliseconds : 83
[BUY] Response: {"bookNumber":1,"message":"Successfully bought book - How to get a good grade in 677 in 20 minutes a day"}


[BUY] Buy Request for book: 3
[BUY] Response time in milliseconds : 61
[BUY] Response: {"bookNumber":3,"message":"Successfully bought book - Xen and the Art of Surviving Graduate School"}


[BUY] Buy Request for book: 3
[BUY] Response time in milliseconds : 60
[BUY] Response: {"bookNumber":3,"message":"Successfully bought book - Xen and the Art of Surviving Graduate School"}


[LOOKUP] Requesting details of book: 2
[LOOKUP] Response time in milliseconds : 45
[LOOKUP] Response: {"bookNumber":2,"bookName":"RPCs for Dummies","topic":"distributed systems","cost":50,"count":0}


[LOOKUP] Requesting details of book: 3
[LOOKUP] Response time in milliseconds : 36
[LOOKUP] Response: {"bookNumber":3,"bookName":"Xen and the Art of Surviving Graduate School","topic":"graduate school","cost":40,"count":0}


[BUY] Buy Request for book: 2
[BUY] Response time in milliseconds : 56
[BUY] Response: {"bookNumber":2,"message":"Insufficient quantity of book - RPCs for Dummies"}


[SEARCH] Requesting topic details: distributed systems
[SEARCH] Response time in milliseconds : 48
[SEARCH] Response: [{"bookNumber":1,"bookName":"How to get a good grade in 677 in 20 minutes a day","topic":"distributed systems","cost":25,"count":1},{"bookNumber":2,"bookName":"RPCs for Dummies","topic":"distributed systems","cost":50,"count":5}]


[SEARCH] Requesting topic details: graduate school
[SEARCH] Response time in milliseconds : 39
[SEARCH] Response: [{"bookNumber":3,"bookName":"Xen and the Art of Surviving Graduate School","topic":"graduate school","cost":40,"count":0},{"bookNumber":4,"bookName":"Cooking for the Impatient Graduate Student","topic":"graduate school","cost":60,"count":5}]


[LOOKUP] Requesting details of book: 3
[LOOKUP] Response time in milliseconds : 33
[LOOKUP] Response: {"bookNumber":3,"bookName":"Xen and the Art of Surviving Graduate School","topic":"graduate school","cost":40,"count":0}


[SEARCH] Requesting topic details: distributed systems
[SEARCH] Response time in milliseconds : 46
[SEARCH] Response: [{"bookNumber":1,"bookName":"How to get a good grade in 677 in 20 minutes a day","topic":"distributed systems","cost":25,"count":1},{"bookNumber":2,"bookName":"RPCs for Dummies","topic":"distributed systems","cost":50,"count":5}]


[BUY] Buy Request for book: 1
[BUY] Response time in milliseconds : 61
[BUY] Response: {"bookNumber":1,"message":"Successfully bought book - How to get a good grade in 677 in 20 minutes a day"}
