Action: buy
Buy Request for book: 1
Response::(POST http://localhost:8080/buy/1) 200
{"bookNumber":1,"message":"Successfully bought book - How to get a good grade in 677 in 20 minutes a day"}
Action: buy
Buy Request for book: 3
Response::(POST http://localhost:8080/buy/3) 200
{"bookNumber":3,"message":"Successfully bought book - Xen and the Art of Surviving Graduate School"}
Action: lookup
Requesting details of book: 3
Response::(GET http://localhost:8080/lookup/3) 200
{"bookNumber":3,"bookName":"Xen and the Art of Surviving Graduate School","topic":"graduate school","cost":40,"count":1}
Action: lookup
Requesting details of book: 1
Response::(GET http://localhost:8080/lookup/1) 200
{"bookNumber":1,"bookName":"How to get a good grade in 677 in 20 minutes a day","topic":"distributed systems","cost":25,"count":3}
Action: search
Requesting book details corresponding to topic: graduate school
Response::(GET http://localhost:8080/search/graduate+school) 200
[{"bookNumber":3,"bookName":"Xen and the Art of Surviving Graduate School","topic":"graduate school","cost":40,"count":1},{"bookNumber":4,"bookName":"Cooking for the Impatient Graduate Student","topic":"graduate school","cost":60,"count":2}]
Action: lookup
Requesting details of book: 2
Response::(GET http://localhost:8080/lookup/2) 200
{"bookNumber":2,"bookName":"RPCs for Dummies","topic":"distributed systems","cost":50,"count":2}
Action: lookup
Requesting details of book: 1
Response::(GET http://localhost:8080/lookup/1) 200
{"bookNumber":1,"bookName":"How to get a good grade in 677 in 20 minutes a day","topic":"distributed systems","cost":25,"count":3}
Action: lookup
Requesting details of book: 1
