18:53:59.554 [main] INFO  ninja.utils.NinjaModeHelper - Ninja is running in mode dev
18:53:59.671 [NinjaJetty] INFO  org.eclipse.jetty.util.log - Logging initialized @917ms to org.eclipse.jetty.util.log.Slf4jLog
18:53:59.730 [NinjaJetty] WARN  o.e.j.server.handler.ContextHandler - Empty contextPath
18:53:59.825 [NinjaJetty] INFO  ninja.standalone.NinjaJetty - Trying to start jetty v9.4.18.v20190429 on <all>:8081
18:53:59.826 [NinjaJetty] INFO  org.eclipse.jetty.server.Server - jetty-9.4.18.v20190429; built: 2019-04-29T20:42:08.989Z; git: e1bc35120a6617ee3df052294e433f3a25ce7097; jvm 15.0.2+7-27
18:53:59.884 [NinjaJetty] INFO  ninja.servlet.NinjaServletListener - Using JSR-356 websocket container ServerContainer@4278284b{STARTED}
18:53:59.903 [NinjaJetty] INFO  ninja.Bootstrap - Successfully configured Logback.
18:53:59.906 [NinjaJetty] INFO  ninja.Bootstrap - Enabling Ninja classic configuration
18:54:01.051 [NinjaJetty] INFO  ninja.utils.SwissKnife - Could not load file conf/messages_en.properties (not a bad thing necessarily, but I am returing null)
18:54:01.051 [NinjaJetty] INFO  ninja.i18n.MessagesImpl - Did not find conf/messages_en.properties but it was specified in application.conf. Using default language instead.
18:54:01.099 [NinjaJetty] INFO  n.template.TemplateEngineManagerImpl - -------------------------------------------------------------------
18:54:01.100 [NinjaJetty] INFO  n.template.TemplateEngineManagerImpl - Registered response template engines
18:54:01.100 [NinjaJetty] INFO  n.template.TemplateEngineManagerImpl - -------------------------------------------------------------------
18:54:01.100 [NinjaJetty] INFO  n.template.TemplateEngineManagerImpl - application/javascript  =>  ninja.template.TemplateEngineJsonP
18:54:01.100 [NinjaJetty] INFO  n.template.TemplateEngineManagerImpl - application/json        =>  ninja.template.TemplateEngineJson
18:54:01.100 [NinjaJetty] INFO  n.template.TemplateEngineManagerImpl - application/xml         =>  ninja.template.TemplateEngineXml
18:54:01.100 [NinjaJetty] INFO  n.template.TemplateEngineManagerImpl - text/html               =>  ninja.template.TemplateEngineFreemarker
18:54:01.100 [NinjaJetty] INFO  n.template.TemplateEngineManagerImpl - text/plain              =>  ninja.template.TemplateEngineText
18:54:01.125 [NinjaJetty] INFO  n.b.BodyParserEngineManagerImpl - -------------------------------------------------------------------------------------
18:54:01.125 [NinjaJetty] INFO  n.b.BodyParserEngineManagerImpl - Registered request bodyparser engines
18:54:01.125 [NinjaJetty] INFO  n.b.BodyParserEngineManagerImpl - -------------------------------------------------------------------------------------
18:54:01.125 [NinjaJetty] INFO  n.b.BodyParserEngineManagerImpl - application/json                   =>  ninja.bodyparser.BodyParserEngineJson
18:54:01.125 [NinjaJetty] INFO  n.b.BodyParserEngineManagerImpl - application/x-www-form-urlencoded  =>  ninja.bodyparser.BodyParserEnginePost
18:54:01.125 [NinjaJetty] INFO  n.b.BodyParserEngineManagerImpl - application/xml                    =>  ninja.bodyparser.BodyParserEngineXml
18:54:01.125 [NinjaJetty] INFO  n.b.BodyParserEngineManagerImpl - multipart/form-data                =>  ninja.bodyparser.BodyParserEngineMultipartPost
18:54:01.127 [NinjaJetty] INFO  ninja.Bootstrap - Ninja injector started in 1220 ms.
18:54:01.191 [NinjaJetty] WARN  ninja.params.ControllerMethodInvoker - Using deprecated non-strict mode for injection of parameters into controller (ninja.strict_argument_extractors = false). This mode will soon be removed from Ninja. Make sure you upgrade your application as soon as possible. More: http://www.ninjaframework.org/documentation/basic_concepts/controllers.html 'A note about null and Optional'.
18:54:01.199 [NinjaJetty] INFO  ninja.RouterImpl - ----------------------------------------------------------------
18:54:01.200 [NinjaJetty] INFO  ninja.RouterImpl - Registered routes
18:54:01.200 [NinjaJetty] INFO  ninja.RouterImpl - ----------------------------------------------------------------
18:54:01.200 [NinjaJetty] INFO  ninja.RouterImpl - GET  /queryBySubject/{topic}  =>  controllers.ApplicationController::queryBySubject
18:54:01.200 [NinjaJetty] INFO  ninja.RouterImpl - GET  /queryByItem/{id}        =>  controllers.ApplicationController::queryByItem
18:54:01.200 [NinjaJetty] INFO  ninja.RouterImpl - POST /update/{id}/{type}      =>  controllers.ApplicationController::update
18:54:01.202 [NinjaJetty] INFO  ninja.NinjaDefault - 
 _______  .___ _______        ____.  _____   
 \      \ |   |\      \      |    | /  _  \  
 /   |   \|   |/   |   \     |    |/  /_\  \ 
/    |    \   /    |    \/\__|    /    |    \  http://www.ninjaframework.org
\____|__  /___\____|__  /\________\____|__  /  @ninjaframework
     web\/framework   \/                  \/   6.5.0

18:54:01.202 [NinjaJetty] INFO  ninja.lifecycle.LifecycleServiceImpl - Starting Ninja application...
18:54:01.204 [NinjaJetty] INFO  ninja.lifecycle.LifecycleServiceImpl - Ninja application started in 2ms
18:54:01.208 [NinjaJetty] INFO  o.e.j.server.handler.ContextHandler - Started o.e.j.s.ServletContextHandler@778c2e7c{/,null,AVAILABLE}
18:54:01.256 [NinjaJetty] INFO  o.e.jetty.server.AbstractConnector - Started ServerConnector@2fb3536e{HTTP/1.1,[http/1.1]}{0.0.0.0:8081}
18:54:01.259 [NinjaJetty] INFO  org.eclipse.jetty.server.Server - Started @2506ms
18:54:01.259 [NinjaJetty] INFO  ninja.standalone.NinjaJetty - Started jetty v9.4.18.v20190429 on <all>:8081
18:54:01.259 [NinjaJetty] INFO  ninja.standalone.NinjaJetty - -------------------------------------------------------
18:54:01.259 [NinjaJetty] INFO  ninja.standalone.NinjaJetty - Ninja application running at
18:54:01.260 [NinjaJetty] INFO  ninja.standalone.NinjaJetty -  => http://localhost:8081
18:54:01.260 [NinjaJetty] INFO  ninja.standalone.NinjaJetty - -------------------------------------------------------
18:54:26.495 [qtp1288235781-14] INFO  Pygmy - Query by Item request received for item: 1
18:54:26.691 [qtp1288235781-15] INFO  Pygmy - buy update request received for item: 1
18:54:28.029 [qtp1288235781-17] INFO  Pygmy - Query by Item request received for item: 3
18:54:28.037 [qtp1288235781-13] INFO  Pygmy - buy update request received for item: 3
18:54:29.113 [qtp1288235781-20] INFO  Pygmy - Query by Item request received for item: 3
18:54:30.171 [qtp1288235781-19] INFO  Pygmy - Query by Item request received for item: 1
18:54:31.240 [qtp1288235781-14] INFO  Pygmy - Query by Subject request received for topic: graduate school
18:54:32.327 [qtp1288235781-15] INFO  Pygmy - Query by Item request received for item: 2
18:54:33.418 [qtp1288235781-17] INFO  Pygmy - Query by Item request received for item: 1
18:54:34.455 [qtp1288235781-13] INFO  Pygmy - Query by Item request received for item: 1
18:54:34.528 [Thread-8] INFO  ninja.lifecycle.LifecycleServiceImpl - Stopping Ninja application...
18:54:34.530 [Thread-8] INFO  ninja.lifecycle.LifecycleServiceImpl - Ninja application stopped in 2ms
18:54:34.530 [Thread-8] INFO  o.e.j.server.handler.ContextHandler - Stopped o.e.j.s.ServletContextHandler@778c2e7c{/,null,UNAVAILABLE}
18:54:34.530 [Thread-8] INFO  ninja.standalone.NinjaJetty - Trying to stop jetty on <all>:8081
18:54:34.539 [Thread-8] INFO  o.e.jetty.server.AbstractConnector - Stopped ServerConnector@2fb3536e{HTTP/1.1,[http/1.1]}{0.0.0.0:8081}
18:54:34.541 [Thread-8] INFO  ninja.standalone.NinjaJetty - Stopped jetty on <all>:8081
