[INFO] Scanning for projects...
[INFO] 
[INFO] ----------------------------< order:order >-----------------------------
[INFO] Building order 1.0.1
[INFO] --------------------------------[ jar ]---------------------------------
[INFO] 
[INFO] --- ninja-maven-plugin:6.8.1:run (default-cli) @ order ---
[INFO] ------------------------------------------------------------------------
[INFO] Ninja will watch dirs:
[INFO]  /Users/jagritisinghal/Documents/DS/projects/Pygmy/order/target/classes
[INFO] 
[INFO] Ninja will launch with:
[INFO]       context: <default>
[INFO]          mode: dev
[INFO]          port: <default>
[INFO]      ssl port: <default>
[INFO]     mainClass: ninja.standalone.AutoStandalone
[INFO] extra jvmArgs: <none>
[INFO] ------------------------------------------------------------------------
WARNING: An illegal reflective access operation has occurred
WARNING: Illegal reflective access by com.google.inject.internal.cglib.core.$ReflectUtils$1 (file:/Users/jagritisinghal/.m2/repository/com/google/inject/guice/4.2.3/guice-4.2.3.jar) to method java.lang.ClassLoader.defineClass(java.lang.String,byte[],int,int,java.security.ProtectionDomain)
WARNING: Please consider reporting this to the maintainers of com.google.inject.internal.cglib.core.$ReflectUtils$1
WARNING: Use --illegal-access=warn to enable warnings of further illegal reflective access operations
WARNING: All illegal access operations will be denied in a future release
vlet.NinjaServletListener - Using JSR-356 websocket container ServerContainer@20c0a64d{STARTED}
21:16:57.731 [NinjaJetty] INFO  ninja.Bootstrap - Successfully configured Logback.
21:16:57.731 [NinjaJetty] INFO  ninja.Bootstrap - Enabling Ninja classic configuration
21:16:58.586 [NinjaJetty] INFO  ninja.utils.SwissKnife - Could not load file conf/messages_en.properties (not a bad thing necessarily, but I am returing null)
21:16:58.586 [NinjaJetty] INFO  ninja.i18n.MessagesImpl - Did not find conf/messages_en.properties but it was specified in application.conf. Using default language instead.
21:16:58.638 [NinjaJetty] INFO  n.template.TemplateEngineManagerImpl - -------------------------------------------------------------------
21:16:58.638 [NinjaJetty] INFO  n.template.TemplateEngineManagerImpl - Registered response template engines
21:16:58.638 [NinjaJetty] INFO  n.template.TemplateEngineManagerImpl - -------------------------------------------------------------------
21:16:58.638 [NinjaJetty] INFO  n.template.TemplateEngineManagerImpl - application/javascript  =>  ninja.template.TemplateEngineJsonP
21:16:58.638 [NinjaJetty] INFO  n.template.TemplateEngineManagerImpl - application/json        =>  ninja.template.TemplateEngineJson
21:16:58.638 [NinjaJetty] INFO  n.template.TemplateEngineManagerImpl - application/xml         =>  ninja.template.TemplateEngineXml
21:16:58.638 [NinjaJetty] INFO  n.template.TemplateEngineManagerImpl - text/html               =>  ninja.template.TemplateEngineFreemarker
21:16:58.638 [NinjaJetty] INFO  n.template.TemplateEngineManagerImpl - text/plain              =>  ninja.template.TemplateEngineText
21:16:58.662 [NinjaJetty] INFO  n.b.BodyParserEngineManagerImpl - -------------------------------------------------------------------------------------
21:16:58.662 [NinjaJetty] INFO  n.b.BodyParserEngineManagerImpl - Registered request bodyparser engines
21:16:58.662 [NinjaJetty] INFO  n.b.BodyParserEngineManagerImpl - -------------------------------------------------------------------------------------
21:16:58.662 [NinjaJetty] INFO  n.b.BodyParserEngineManagerImpl - application/json                   =>  ninja.bodyparser.BodyParserEngineJson
21:16:58.662 [NinjaJetty] INFO  n.b.BodyParserEngineManagerImpl - application/x-www-form-urlencoded  =>  ninja.bodyparser.BodyParserEnginePost
21:16:58.662 [NinjaJetty] INFO  n.b.BodyParserEngineManagerImpl - application/xml                    =>  ninja.bodyparser.BodyParserEngineXml
21:16:58.663 [NinjaJetty] INFO  n.b.BodyParserEngineManagerImpl - multipart/form-data                =>  ninja.bodyparser.BodyParserEngineMultipartPost
21:16:58.666 [NinjaJetty] INFO  ninja.Bootstrap - Ninja injector started in 933 ms.
21:16:58.701 [NinjaJetty] WARN  ninja.params.ControllerMethodInvoker - Using deprecated non-strict mode for injection of parameters into controller (ninja.strict_argument_extractors = false). This mode will soon be removed from Ninja. Make sure you upgrade your application as soon as possible. More: https://www.ninjaframework.org/documentation/basic_concepts/controllers.html 'A note about null and Optional'.
21:16:58.704 [NinjaJetty] INFO  ninja.RouterImpl - ------------------------------------------------
21:16:58.704 [NinjaJetty] INFO  ninja.RouterImpl - Registered routes
21:16:58.704 [NinjaJetty] INFO  ninja.RouterImpl - ------------------------------------------------
21:16:58.704 [NinjaJetty] INFO  ninja.RouterImpl - POST /buy  =>  controllers.ApplicationController::buy
21:16:58.706 [NinjaJetty] INFO  ninja.NinjaDefault - 
 _______  .___ _______        ____.  _____   
 \      \ |   |\      \      |    | /  _  \  
 /   |   \|   |/   |   \     |    |/  /_\  \ 
/    |    \   /    |    \/\__|    /    |    \  https://www.ninjaframework.org
\____|__  /___\____|__  /\________\____|__  /  @ninjaframework
     web\/framework   \/                  \/   6.8.1

21:16:58.706 [NinjaJetty] INFO  ninja.lifecycle.LifecycleServiceImpl - Starting Ninja application...
21:16:58.708 [NinjaJetty] INFO  ninja.lifecycle.LifecycleServiceImpl - Ninja application started in 2ms
21:16:58.717 [NinjaJetty] INFO  o.e.j.server.handler.ContextHandler - Started o.e.j.s.ServletContextHandler@1cc708a7{/,null,AVAILABLE}
21:16:58.748 [NinjaJetty] INFO  o.e.jetty.server.AbstractConnector - Started ServerConnector@5d0a1059{HTTP/1.1, (http/1.1)}{0.0.0.0:8082}
21:16:58.748 [NinjaJetty] INFO  org.eclipse.jetty.server.Server - Started @1873ms
21:16:58.748 [NinjaJetty] INFO  ninja.standalone.NinjaJetty - Started jetty v9.4.35.v20201120 on <all>:8082
21:16:58.748 [NinjaJetty] INFO  ninja.standalone.NinjaJetty - -------------------------------------------------------
21:16:58.748 [NinjaJetty] INFO  ninja.standalone.NinjaJetty - Ninja application running at
21:16:58.749 [NinjaJetty] INFO  ninja.standalone.NinjaJetty -  => http://localhost:8082
21:16:58.749 [NinjaJetty] INFO  ninja.standalone.NinjaJetty - -------------------------------------------------------
21:17:20.237 [qtp1646464088-20] INFO  Pygmy - Buy request received for book: 1
21:17:20.239 [qtp1646464088-20] INFO  Pygmy - Checking availability of book: 1
21:17:20.608 [qtp1646464088-20] INFO  Pygmy - Initiating buy request for book: 1
21:17:20.630 [qtp1646464088-20] INFO  Pygmy - Buy response time in milliseconds : 391
21:17:22.805 [qtp1646464088-14] INFO  Pygmy - Buy request received for book: 1
21:17:22.806 [qtp1646464088-14] INFO  Pygmy - Checking availability of book: 1
21:17:22.817 [qtp1646464088-14] INFO  Pygmy - Initiating buy request for book: 1
21:17:22.826 [qtp1646464088-14] INFO  Pygmy - Buy response time in milliseconds : 20
21:17:23.874 [qtp1646464088-17] INFO  Pygmy - Buy request received for book: 3
21:17:23.874 [qtp1646464088-17] INFO  Pygmy - Checking availability of book: 3
21:17:23.890 [qtp1646464088-17] INFO  Pygmy - Initiating buy request for book: 3
21:17:23.898 [qtp1646464088-17] INFO  Pygmy - Buy response time in milliseconds : 23
21:17:24.945 [qtp1646464088-13] INFO  Pygmy - Buy request received for book: 3
21:17:24.945 [qtp1646464088-13] INFO  Pygmy - Checking availability of book: 3
21:17:24.960 [qtp1646464088-13] INFO  Pygmy - Initiating buy request for book: 3
21:17:24.972 [qtp1646464088-13] INFO  Pygmy - Buy response time in milliseconds : 26
21:17:28.108 [qtp1646464088-16] INFO  Pygmy - Buy request received for book: 2
21:17:28.109 [qtp1646464088-16] INFO  Pygmy - Checking availability of book: 2
21:17:28.123 [qtp1646464088-16] INFO  Pygmy - Initiating restock request for book: 2
21:17:28.135 [qtp1646464088-16] INFO  Pygmy - Buy response time in milliseconds : 25
21:17:33.384 [qtp1646464088-19] INFO  Pygmy - Buy request received for book: 1
21:17:33.385 [qtp1646464088-19] INFO  Pygmy - Checking availability of book: 1
21:17:33.398 [qtp1646464088-19] INFO  Pygmy - Initiating buy request for book: 1
21:17:33.414 [qtp1646464088-19] INFO  Pygmy - Buy response time in milliseconds : 29
21:17:34.241 [Thread-8] INFO  ninja.lifecycle.LifecycleServiceImpl - Stopping Ninja application...
21:17:34.242 [Thread-8] INFO  ninja.lifecycle.LifecycleServiceImpl - Ninja application stopped in 1ms
21:17:34.243 [Thread-8] INFO  o.e.j.server.handler.ContextHandler - Stopped o.e.j.s.ServletContextHandler@1cc708a7{/,null,STOPPED}
21:17:34.243 [Thread-8] INFO  ninja.standalone.NinjaJetty - Trying to stop jetty on <all>:8082
21:17:34.272 [Thread-8] INFO  o.e.jetty.server.AbstractConnector - Stopped ServerConnector@5d0a1059{HTTP/1.1, (http/1.1)}{0.0.0.0:8082}
21:17:34.274 [Thread-8] INFO  ninja.standalone.NinjaJetty - Stopped jetty on <all>:8082
